Arguments: 
  C:\Program Files\nodejs\node.exe C:\Users\Administrator\AppData\Roaming\npm\node_modules\yarn\bin\yarn.js run dev:waiter

PATH: 
  C:\ProgramData\Oracle\Java\javapath;C:\Windows\system32;C:\Windows;C:\Windows\System32\Wbem;C:\Windows\System32\WindowsPowerShell\v1.0\;C:\Program Files\Git\cmd;C:\Program Files\nodejs\;C:\Python27;C:\Program Files\MongoDB\Server\3.6\bin;C:\Program Files\IDM Computer Solutions\UltraCompare;C:\Ruby24-x64\bin;C:\Users\Administrator\AppData\Local\Microsoft\WindowsApps;C:\Program Files\Microsoft VS Code\bin;C:\Users\Administrator\AppData\Local\GitHubDesktop\bin;C:\Users\Administrator\AppData\Roaming\npm

Yarn version: 
  1.5.1

Node version: 
  8.9.3

Platform: 
  win32 x64

npm manifest: 
  {
    "name": "jpos_mapi",
    "version": "0.3.0",
    "description": "Starter project for an ES6 RESTful Express API",
    "main": "dist",
    "scripts": {
      "dev": "nodemon -w src --exec \"babel-node src --presets es2015,stage-0\"",
      "build": "babel src -s -D -d dist --presets es2015,stage-0",
      "start": "node dist",
      "prestart": "npm run -s build",
      "test": "eslint src"
    },
    "eslintConfig": {
      "extends": "eslint:recommended",
      "parserOptions": {
        "ecmaVersion": 7,
        "sourceType": "module"
      },
      "env": {
        "node": true
      },
      "rules": {
        "no-console": 0,
        "no-unused-vars": 1
      }
    },
    "repository": {
      "type": "git",
      "url": "git+https://github.com/developit/express-es6-rest-api.git"
    },
    "author": "Jason Miller <jason@developit.ca>",
    "license": "MIT",
    "dependencies": {
      "body-parser": "^1.13.3",
      "compression": "^1.5.2",
      "cors": "^2.7.1",
      "express": "^4.13.3",
      "morgan": "^1.8.0",
      "resource-router-middleware": "^0.6.0",
      "app-root-path": "^2.0.1"
    },
    "devDependencies": {
      "babel-cli": "^6.9.0",
      "babel-core": "^6.9.0",
      "babel-preset-es2015": "^6.9.0",
      "babel-preset-stage-0": "^6.5.0",
      "eslint": "^3.1.1",
      "nodemon": "^1.9.2"
    },
    "bugs": {
      "url": "https://github.com/developit/express-es6-rest-api/issues"
    },
    "homepage": "https://github.com/developit/express-es6-rest-api#readme",
    "keywords": [
      "mock",
      "api"
    ]
  }

yarn manifest: 
  No manifest

Lockfile: 
  No lockfile

Trace: 
  Error: Command "dev:waiter" not found.
      at new MessageError (C:\Users\Administrator\AppData\Roaming\npm\node_modules\yarn\lib\cli.js:186:110)
      at C:\Users\Administrator\AppData\Roaming\npm\node_modules\yarn\lib\cli.js:87307:17
      at Generator.next (<anonymous>)
      at step (C:\Users\Administrator\AppData\Roaming\npm\node_modules\yarn\lib\cli.js:98:30)
      at C:\Users\Administrator\AppData\Roaming\npm\node_modules\yarn\lib\cli.js:116:14
      at new Promise (<anonymous>)
      at new F (C:\Users\Administrator\AppData\Roaming\npm\node_modules\yarn\lib\cli.js:23451:28)
      at C:\Users\Administrator\AppData\Roaming\npm\node_modules\yarn\lib\cli.js:95:12
      at runCommand (C:\Users\Administrator\AppData\Roaming\npm\node_modules\yarn\lib\cli.js:87312:22)
      at Object.<anonymous> (C:\Users\Administrator\AppData\Roaming\npm\node_modules\yarn\lib\cli.js:87412:14)
